-------------------------------------------------------------------------------
Test set: ChangeTicketTester
-------------------------------------------------------------------------------
Tests run: 4, Failures: 1, Errors: 0, Skipped: 0, Time elapsed: 0.598 s <<< FAILURE! - in ChangeTicketTester
testNumbersAreEqual  Time elapsed: 0.013 s  <<< FAILURE!
org.opentest4j.AssertionFailedError: expected: <5> but was: <9>
	at ChangeTicketTester.testNumbersAreEqual(ChangeTicketTester.java:39)

