-------------------------------------------------------------------------------
Test set: RegisterTester
-------------------------------------------------------------------------------
Tests run: 8, Failures: 1, Errors: 0, Skipped: 0, Time elapsed: 2.081 s <<< FAILURE! - in RegisterTester
testValidateRegisterWithValidInput  Time elapsed: 0.122 s  <<< FAILURE!
org.opentest4j.AssertionFailedError: expected: <1> but was: <-1>
	at RegisterTester.testValidateRegisterWithValidInput(RegisterTester.java:63)

