<?xml version="1.0" encoding="UTF-8"?>
<testsuite xmlns:xsi="http://www.w3.org/2001/XMLSchema-instance" xsi:noNamespaceSchemaLocation="https://maven.apache.org/surefire/maven-surefire-plugin/xsd/surefire-test-report-3.0.xsd" version="3.0" name="BookTicketTest" time="0.57" tests="14" errors="0" skipped="0" failures="0">
  <properties>
[...]
</properties>
  <testcase name="addStripsSucessful" classname="BookTicketTest" time="0.058"/>
  <testcase name="getListCoachStripCanOrderSucessful" classname="BookTicketTest" time="0.024"/>
  <testcase name="getIdCSCSSucessful" classname="BookTicketTest" time="0.014"/>
  <testcase name="getListIDCoachSucessful" classname="BookTicketTest" time="0.013"/>
  <testcase name="getPriceSucessful" classname="BookTicketTest" time="0.014"/>
  <testcase name="addTicKetSucessful" classname="BookTicketTest" time="0.015"/>
  <testcase name="sellTicKetSucessful" classname="BookTicketTest" time="0.017"/>
  <testcase name="updateStatusSeatSucessful" classname="BookTicketTest" time="0.01"/>
  <testcase name="getListCoachSucessful" classname="BookTicketTest" time="0.018"/>
  <testcase name="getAllChuyenXeSuccessfull" classname="BookTicketTest" time="0.009"/>
  <testcase name="getIdTicketSucessful" classname="BookTicketTest" time="0.01"/>
  <testcase name="getIdCusSucessful" classname="BookTicketTest" time="0.008"/>
  <testcase name="getAllStationSuccessful" classname="BookTicketTest" time="0.008"/>
  <testcase name="getListNameSeatSucessful" classname="BookTicketTest" time="0.009"/>
</testsuite>