-------------------------------------------------------------------------------
Test set: test
-------------------------------------------------------------------------------
Tests run: 2, Failures: 1, Errors: 0, Skipped: 0, Time elapsed: 0.037 s <<< FAILURE! - in test
testNumbersNotEqual  Time elapsed: 0.01 s  <<< FAILURE!
org.opentest4j.AssertionFailedError: expected: <5> but was: <6>
	at test.testNumbersNotEqual(test.java:31)

