<?xml version="1.0" encoding="UTF-8"?>
<testsuite xmlns:xsi="http://www.w3.org/2001/XMLSchema-instance" xsi:noNamespaceSchemaLocation="https://maven.apache.org/surefire/maven-surefire-plugin/xsd/surefire-test-report-3.0.xsd" version="3.0" name="CoachStripTester" time="3.049" tests="4" errors="0" skipped="0" failures="0">
  <properties>
[...]
</properties>
  <testcase name="testGetStaffById" classname="CoachStripTester" time="0.24"/>
  <testcase name="testAddNewTrip" classname="CoachStripTester" time="0.316"/>
  <testcase name="getCoachStripIdsShouldReturnListOfCoachStripIds" classname="CoachStripTester" time="0.139"/>
  <testcase name="testGetCoachStripInfo" classname="CoachStripTester" time="0.364"/>
</testsuite>